# JRE version: Java(TM) SE Runtime Environment (8.0_131-b11) (build 1.8.0_131-b11)
# Java VM: Java HotSpot(TM) 64-Bit Server VM (25.131-b11 mixed mode windows-amd64 compressed oops)
Heap:
 PSYoungGen      total 18432K, used 11207K [0x00000000eb600000, 0x00000000ecf00000, 0x0000000100000000)
  eden space 15872K, 70% used [0x00000000eb600000,0x00000000ec0f1d70,0x00000000ec580000)
  from space 2560K, 0% used [0x00000000ec800000,0x00000000ec800000,0x00000000eca80000)
  to   space 2560K, 0% used [0x00000000ec580000,0x00000000ec580000,0x00000000ec800000)
 ParOldGen       total 42496K, used 37618K [0x00000000c2200000, 0x00000000c4b80000, 0x00000000eb600000)
  object space 42496K, 88% used [0x00000000c2200000,0x00000000c46bca10,0x00000000c4b80000)
 Metaspace       used 9480K, capacity 9648K, committed 9728K, reserved 1058816K
  class space    used 1150K, capacity 1248K, committed 1280K, reserved 1048576K
GC Heap History (10 events):
Event: 0.998 GC heap before
{Heap before GC invocations=7 (full 4):
 PSYoungGen      total 18432K, used 8093K [0x00000000eb600000, 0x00000000ecf00000, 0x0000000100000000)
  eden space 15872K, 50% used [0x00000000eb600000,0x00000000ebde7678,0x00000000ec580000)
  from space 2560K, 0% used [0x00000000ec800000,0x00000000ec800000,0x00000000eca80000)
  to   space 2560K, 7% used [0x00000000ec580000,0x00000000ec5b0000,0x00000000ec800000)
 ParOldGen       total 42496K, used 41327K [0x00000000c2200000, 0x00000000c4b80000, 0x00000000eb600000)
  object space 42496K, 97% used [0x00000000c2200000,0x00000000c4a5bcb0,0x00000000c4b80000)
 Metaspace       used 9439K, capacity 9622K, committed 9728K, reserved 1058816K
  class space    used 1148K, capacity 1221K, committed 1280K, reserved 1048576K
Event: 1.010 GC heap after
Heap after GC invocations=7 (full 4):
 PSYoungGen      total 18432K, used 0K [0x00000000eb600000, 0x00000000ecf00000, 0x0000000100000000)
  eden space 15872K, 0% used [0x00000000eb600000,0x00000000eb600000,0x00000000ec580000)
  from space 2560K, 0% used [0x00000000ec800000,0x00000000ec800000,0x00000000eca80000)
  to   space 2560K, 0% used [0x00000000ec580000,0x00000000ec580000,0x00000000ec800000)
 ParOldGen       total 42496K, used 37860K [0x00000000c2200000, 0x00000000c4b80000, 0x00000000eb600000)
  object space 42496K, 89% used [0x00000000c2200000,0x00000000c46f9118,0x00000000c4b80000)
 Metaspace       used 9439K, capacity 9622K, committed 9728K, reserved 1058816K
  class space    used 1148K, capacity 1221K, committed 1280K, reserved 1048576K
}
Event: 1.062 GC heap before
{Heap before GC invocations=8 (full 5):
 PSYoungGen      total 18432K, used 15872K [0x00000000eb600000, 0x00000000ecf00000, 0x0000000100000000)
  eden space 15872K, 100% used [0x00000000eb600000,0x00000000ec580000,0x00000000ec580000)
  from space 2560K, 0% used [0x00000000ec800000,0x00000000ec800000,0x00000000eca80000)
  to   space 2560K, 0% used [0x00000000ec580000,0x00000000ec580000,0x00000000ec800000)
 ParOldGen       total 42496K, used 37860K [0x00000000c2200000, 0x00000000c4b80000, 0x00000000eb600000)
  object space 42496K, 89% used [0x00000000c2200000,0x00000000c46f9118,0x00000000c4b80000)
 Metaspace       used 9441K, capacity 9626K, committed 9728K, reserved 1058816K
  class space    used 1148K, capacity 1221K, committed 1280K, reserved 1048576K
Event: 1.091 GC heap after
Heap after GC invocations=8 (full 5):
 PSYoungGen      total 18432K, used 10563K [0x00000000eb600000, 0x00000000ecf00000, 0x0000000100000000)
  eden space 15872K, 66% used [0x00000000eb600000,0x00000000ec050ef0,0x00000000ec580000)
  from space 2560K, 0% used [0x00000000ec800000,0x00000000ec800000,0x00000000eca80000)
  to   space 2560K, 0% used [0x00000000ec580000,0x00000000ec580000,0x00000000ec800000)
 ParOldGen       total 42496K, used 37790K [0x00000000c2200000, 0x00000000c4b80000, 0x00000000eb600000)
  object space 42496K, 88% used [0x00000000c2200000,0x00000000c46e7b88,0x00000000c4b80000)
 Metaspace       used 9441K, capacity 9626K, committed 9728K, reserved 1058816K
  class space    used 1148K, capacity 1221K, committed 1280K, reserved 1048576K
}
Event: 1.112 GC heap before
{Heap before GC invocations=9 (full 6):
 PSYoungGen      total 18432K, used 15872K [0x00000000eb600000, 0x00000000ecf00000, 0x0000000100000000)
  eden space 15872K, 100% used [0x00000000eb600000,0x00000000ec580000,0x00000000ec580000)
  from space 2560K, 0% used [0x00000000ec800000,0x00000000ec800000,0x00000000eca80000)
  to   space 2560K, 0% used [0x00000000ec580000,0x00000000ec580000,0x00000000ec800000)
 ParOldGen       total 42496K, used 37790K [0x00000000c2200000, 0x00000000c4b80000, 0x00000000eb600000)
  object space 42496K, 88% used [0x00000000c2200000,0x00000000c46e7b88,0x00000000c4b80000)
 Metaspace       used 9441K, capacity 9626K, committed 9728K, reserved 1058816K
  class space    used 1148K, capacity 1221K, committed 1280K, reserved 1048576K
Event: 1.120 GC heap after
Heap after GC invocations=9 (full 6):
 PSYoungGen      total 18432K, used 10572K [0x00000000eb600000, 0x00000000ecf00000, 0x0000000100000000)
  eden space 15872K, 66% used [0x00000000eb600000,0x00000000ec053008,0x00000000ec580000)
  from space 2560K, 0% used [0x00000000ec800000,0x00000000ec800000,0x00000000eca80000)
  to   space 2560K, 0% used [0x00000000ec580000,0x00000000ec580000,0x00000000ec800000)
 ParOldGen       total 42496K, used 37782K [0x00000000c2200000, 0x00000000c4b80000, 0x00000000eb600000)
  object space 42496K, 88% used [0x00000000c2200000,0x00000000c46e5a70,0x00000000c4b80000)
 Metaspace       used 9441K, capacity 9626K, committed 9728K, reserved 1058816K
  class space    used 1148K, capacity 1221K, committed 1280K, reserved 1048576K
}
Event: 1.150 GC heap before
{Heap before GC invocations=10 (full 7):
 PSYoungGen      total 18432K, used 11961K [0x00000000eb600000, 0x00000000ecf00000, 0x0000000100000000)
  eden space 15872K, 75% used [0x00000000eb600000,0x00000000ec1ae518,0x00000000ec580000)
  from space 2560K, 0% used [0x00000000ec800000,0x00000000ec800000,0x00000000eca80000)
  to   space 2560K, 0% used [0x00000000ec580000,0x00000000ec580000,0x00000000ec800000)
 ParOldGen       total 42496K, used 37782K [0x00000000c2200000, 0x00000000c4b80000, 0x00000000eb600000)
  object space 42496K, 88% used [0x00000000c2200000,0x00000000c46e5a70,0x00000000c4b80000)
 Metaspace       used 9480K, capacity 9626K, committed 9728K, reserved 1058816K
  class space    used 1151K, capacity 1221K, committed 1280K, reserved 1048576K
Event: 1.169 GC heap after
Heap after GC invocations=10 (full 7):
 PSYoungGen      total 18432K, used 10995K [0x00000000eb600000, 0x00000000ecf00000, 0x0000000100000000)
  eden space 15872K, 69% used [0x00000000eb600000,0x00000000ec0bcf28,0x00000000ec580000)
  from space 2560K, 0% used [0x00000000ec800000,0x00000000ec800000,0x00000000eca80000)
  to   space 2560K, 0% used [0x00000000ec580000,0x00000000ec580000,0x00000000ec800000)
 ParOldGen       total 42496K, used 37753K [0x00000000c2200000, 0x00000000c4b80000, 0x00000000eb600000)
  object space 42496K, 88% used [0x00000000c2200000,0x00000000c46de6b0,0x00000000c4b80000)
 Metaspace       used 9480K, capacity 9626K, committed 9728K, reserved 1058816K
  class space    used 1151K, capacity 1221K, committed 1280K, reserved 1048576K
}
Event: 1.170 GC heap before
{Heap before GC invocations=11 (full 8):
 PSYoungGen      total 18432K, used 10995K [0x00000000eb600000, 0x00000000ecf00000, 0x0000000100000000)
  eden space 15872K, 69% used [0x00000000eb600000,0x00000000ec0bcf28,0x00000000ec580000)
  from space 2560K, 0% used [0x00000000ec800000,0x00000000ec800000,0x00000000eca80000)
  to   space 2560K, 0% used [0x00000000ec580000,0x00000000ec580000,0x00000000ec800000)
 ParOldGen       total 42496K, used 37753K [0x00000000c2200000, 0x00000000c4b80000, 0x00000000eb600000)
  object space 42496K, 88% used [0x00000000c2200000,0x00000000c46de6b0,0x00000000c4b80000)
 Metaspace       used 9480K, capacity 9626K, committed 9728K, reserved 1058816K
  class space    used 1151K, capacity 1221K, committed 1280K, reserved 1048576K
Event: 1.198 GC heap after
Heap after GC invocations=11 (full 8):
 PSYoungGen      total 18432K, used 10995K [0x00000000eb600000, 0x00000000ecf00000, 0x0000000100000000)
  eden space 15872K, 69% used [0x00000000eb600000,0x00000000ec0bcee0,0x00000000ec580000)
  from space 2560K, 0% used [0x00000000ec800000,0x00000000ec800000,0x00000000eca80000)
  to   space 2560K, 0% used [0x00000000ec580000,0x00000000ec580000,0x00000000ec800000)
 ParOldGen       total 42496K, used 37618K [0x00000000c2200000, 0x00000000c4b80000, 0x00000000eb600000)
  object space 42496K, 88% used [0x00000000c2200000,0x00000000c46bca10,0x00000000c4b80000)
 Metaspace       used 9473K, capacity 9616K, committed 9728K, reserved 1058816K
  class space    used 1148K, capacity 1216K, committed 1280K, reserved 1048576K
}

